2025-09-18 12:53:07 Requesting URL: http://169.254.169.254/latest/meta-data/iam/security-credentials/
2025-09-18 12:53:08 Curl error for URL: /latest/meta-data/iam/security-credentials/ -> cURL error 28: Timeout was reached
2025-09-18 13:03:13 Requesting URL: https://gbiosciences.s3.us-west-2.amazonaws.com///Histology/eosin%20aqueous%20HE%202.jpg
2025-09-18 13:03:14 Requesting URL: https://gbiosciences.s3.us-west-2.amazonaws.com///Histology/eosin%20aqueous%20HE%202.jpg
2025-09-18 13:03:14 Requesting URL: https://gbiosciences.s3.us-west-2.amazonaws.com/G-dots.1.jpg
2025-09-18 13:03:15 Requesting URL: https://gbiosciences.s3.us-west-2.amazonaws.com/G-Sep.png
2025-09-18 13:03:15 Requesting URL: https://gbiosciences.s3.us-west-2.amazonaws.com/G-Sep.png
2025-09-18 13:03:15 Requesting URL: https://gbiosciences.s3.us-west-2.amazonaws.com/Ellyn_Daugherty.jpg
2025-09-18 13:03:16 Requesting URL: https://gbiosciences.s3.us-west-2.amazonaws.com/DNFB.png
2025-09-18 13:03:16 Requesting URL: https://gbiosciences.s3.us-west-2.amazonaws.com/DNFB.png
2025-09-18 13:03:16 Requesting URL: https://gbiosciences.s3.us-west-2.amazonaws.com/MethylaDgalactop.png
2025-09-18 13:03:16 Requesting URL: https://gbiosciences.s3.us-west-2.amazonaws.com/MethylaDgalactop.png
2025-09-18 13:03:17 Requesting URL: https://gbiosciences.s3.us-west-2.amazonaws.com/1-O-Methyl-a-D-annop.png
2025-09-18 13:03:17 Requesting URL: https://gbiosciences.s3.us-west-2.amazonaws.com/1-O-Methyl-a-D-annop.png
2025-09-18 13:03:49 Requesting URL: https://gbiosciences.s3.us-west-2.amazonaws.com/BAN2250.jpg
2025-09-18 13:03:50 Requesting URL: https://gbiosciences.s3.us-west-2.amazonaws.com/BAN0101.jpg
2025-09-18 13:03:50 Requesting URL: https://gbiosciences.s3.us-west-2.amazonaws.com/BAN0101.jpg
2025-09-18 13:03:50 Requesting URL: https://gbiosciences.s3.us-west-2.amazonaws.com/BAN0101.jpg
2025-09-18 13:03:51 Requesting URL: https://gbiosciences.s3.us-west-2.amazonaws.com/BAN0102.jpg
2025-09-18 13:03:51 Requesting URL: https://gbiosciences.s3.us-west-2.amazonaws.com/BAN0102.jpg
2025-09-18 13:03:51 Requesting URL: https://gbiosciences.s3.us-west-2.amazonaws.com/BAN0102.jpg
2025-09-18 13:03:51 Requesting URL: https://gbiosciences.s3.us-west-2.amazonaws.com/BAN0103.jpg
2025-09-18 13:03:52 Requesting URL: https://gbiosciences.s3.us-west-2.amazonaws.com/BAN0103.jpg
2025-09-18 13:03:52 Requesting URL: https://gbiosciences.s3.us-west-2.amazonaws.com/BAN0103.jpg
2025-09-18 13:03:52 Requesting URL: https://gbiosciences.s3.us-west-2.amazonaws.com/BAN0104.jpg
2025-09-18 13:03:53 Requesting URL: https://gbiosciences.s3.us-west-2.amazonaws.com/BAN0104.jpg
2025-09-18 13:03:53 Requesting URL: https://gbiosciences.s3.us-west-2.amazonaws.com/BAN0104.jpg
2025-09-18 13:03:53 Requesting URL: https://gbiosciences.s3.us-west-2.amazonaws.com/BAN0105.jpg
2025-09-18 13:03:54 Requesting URL: https://gbiosciences.s3.us-west-2.amazonaws.com/BAN0105.jpg
2025-09-18 13:03:54 Requesting URL: https://gbiosciences.s3.us-west-2.amazonaws.com/BAN0105.jpg
2025-09-18 13:03:54 Requesting URL: https://gbiosciences.s3.us-west-2.amazonaws.com/BAN0106.jpg
2025-09-18 13:03:54 Requesting URL: https://gbiosciences.s3.us-west-2.amazonaws.com/BAN0106.jpg
2025-09-18 13:03:55 Requesting URL: https://gbiosciences.s3.us-west-2.amazonaws.com/BAN0106.jpg
2025-09-18 13:03:55 Requesting URL: https://gbiosciences.s3.us-west-2.amazonaws.com/BAN0107.jpg
2025-09-18 13:17:55 Requesting URL: https://gbiosciences.s3.us-west-2.amazonaws.com/BAN2250.jpg
2025-09-18 13:18:01 Requesting URL: https://gbiosciences.s3.us-west-2.amazonaws.com/BAN2250.jpg
2025-09-18 13:18:02 Requesting URL: https://gbiosciences.s3.us-west-2.amazonaws.com/BAN0101.jpg
2025-09-18 13:18:02 Requesting URL: https://gbiosciences.s3.us-west-2.amazonaws.com/BAN0101.jpg
2025-09-18 13:18:03 Requesting URL: https://gbiosciences.s3.us-west-2.amazonaws.com/BAN0101.jpg
2025-09-18 13:18:03 Requesting URL: https://gbiosciences.s3.us-west-2.amazonaws.com/BAN0102.jpg
2025-09-18 13:18:03 Requesting URL: https://gbiosciences.s3.us-west-2.amazonaws.com/BAN0102.jpg
2025-09-18 13:18:04 Requesting URL: https://gbiosciences.s3.us-west-2.amazonaws.com/BAN0102.jpg
2025-09-18 13:18:04 Requesting URL: https://gbiosciences.s3.us-west-2.amazonaws.com/BAN0103.jpg
2025-09-18 13:18:04 Requesting URL: https://gbiosciences.s3.us-west-2.amazonaws.com/BAN0103.jpg
2025-09-18 13:18:04 Requesting URL: https://gbiosciences.s3.us-west-2.amazonaws.com/BAN0103.jpg
2025-09-18 13:18:05 Requesting URL: https://gbiosciences.s3.us-west-2.amazonaws.com/BAN0104.jpg
2025-09-18 13:18:05 Requesting URL: https://gbiosciences.s3.us-west-2.amazonaws.com/BAN0104.jpg
2025-09-18 13:18:05 Requesting URL: https://gbiosciences.s3.us-west-2.amazonaws.com/BAN0104.jpg
2025-09-18 13:18:06 Requesting URL: https://gbiosciences.s3.us-west-2.amazonaws.com/BAN0105.jpg
2025-09-18 13:18:06 Requesting URL: https://gbiosciences.s3.us-west-2.amazonaws.com/BAN0105.jpg
2025-09-18 13:18:06 Requesting URL: https://gbiosciences.s3.us-west-2.amazonaws.com/BAN0105.jpg
2025-09-18 13:18:07 Requesting URL: https://gbiosciences.s3.us-west-2.amazonaws.com/BAN0106.jpg
2025-09-18 13:18:07 Requesting URL: https://gbiosciences.s3.us-west-2.amazonaws.com/BAN0106.jpg
2025-09-18 13:18:07 Requesting URL: https://gbiosciences.s3.us-west-2.amazonaws.com/BAN0106.jpg
2025-09-18 13:18:07 Requesting URL: https://gbiosciences.s3.us-west-2.amazonaws.com/BAN0107.jpg
2025-09-18 13:18:09 Requesting URL: https://gbiosciences.s3.us-west-2.amazonaws.com///Histology/eosin%20aqueous%20HE%202.jpg
2025-09-18 13:18:10 Requesting URL: https://gbiosciences.s3.us-west-2.amazonaws.com///Histology/eosin%20aqueous%20HE%202.jpg
2025-09-18 13:18:10 Requesting URL: https://gbiosciences.s3.us-west-2.amazonaws.com/G-dots.1.jpg
2025-09-18 13:18:11 Requesting URL: https://gbiosciences.s3.us-west-2.amazonaws.com/G-Sep.png
2025-09-18 13:18:11 Requesting URL: https://gbiosciences.s3.us-west-2.amazonaws.com/G-Sep.png
2025-09-18 13:18:11 Requesting URL: https://gbiosciences.s3.us-west-2.amazonaws.com///Histology/eosin%20aqueous%20HE%202.jpg
2025-09-18 13:18:11 Requesting URL: https://gbiosciences.s3.us-west-2.amazonaws.com/Ellyn_Daugherty.jpg
2025-09-18 13:18:11 Requesting URL: https://gbiosciences.s3.us-west-2.amazonaws.com/DNFB.png
2025-09-18 13:18:12 Requesting URL: https://gbiosciences.s3.us-west-2.amazonaws.com/DNFB.png
2025-09-18 13:18:12 Requesting URL: https://gbiosciences.s3.us-west-2.amazonaws.com/MethylaDgalactop.png
2025-09-18 13:18:12 Requesting URL: https://gbiosciences.s3.us-west-2.amazonaws.com///Histology/eosin%20aqueous%20HE%202.jpg
2025-09-18 13:18:12 Requesting URL: https://gbiosciences.s3.us-west-2.amazonaws.com/MethylaDgalactop.png
2025-09-18 13:18:12 Requesting URL: https://gbiosciences.s3.us-west-2.amazonaws.com/G-dots.1.jpg
2025-09-18 13:18:13 Requesting URL: https://gbiosciences.s3.us-west-2.amazonaws.com/1-O-Methyl-a-D-annop.png
2025-09-18 13:18:13 Requesting URL: https://gbiosciences.s3.us-west-2.amazonaws.com/G-Sep.png
2025-09-18 13:18:13 Requesting URL: https://gbiosciences.s3.us-west-2.amazonaws.com/1-O-Methyl-a-D-annop.png
2025-09-18 13:18:13 Requesting URL: https://gbiosciences.s3.us-west-2.amazonaws.com/G-Sep.png
2025-09-18 13:18:13 Requesting URL: https://gbiosciences.s3.us-west-2.amazonaws.com/Ellyn_Daugherty.jpg
2025-09-18 13:18:14 Requesting URL: https://gbiosciences.s3.us-west-2.amazonaws.com/DNFB.png
2025-09-18 13:18:14 Requesting URL: https://gbiosciences.s3.us-west-2.amazonaws.com/DNFB.png
2025-09-18 13:18:14 Requesting URL: https://gbiosciences.s3.us-west-2.amazonaws.com/MethylaDgalactop.png
2025-09-18 13:18:14 Requesting URL: https://gbiosciences.s3.us-west-2.amazonaws.com/MethylaDgalactop.png
2025-09-18 13:18:15 Requesting URL: https://gbiosciences.s3.us-west-2.amazonaws.com/1-O-Methyl-a-D-annop.png
2025-09-18 13:18:15 Requesting URL: https://gbiosciences.s3.us-west-2.amazonaws.com/1-O-Methyl-a-D-annop.png
2025-09-18 13:18:22 Requesting URL: https://gbiosciences.s3.us-west-2.amazonaws.com///Histology/eosin%20aqueous%20HE%202.jpg
2025-09-18 13:19:14 Requesting URL: https://gbiosciences.s3.us-west-2.amazonaws.com///Histology/eosin%20aqueous%20HE%202.jpg
2025-09-18 13:19:15 Requesting URL: https://gbiosciences.s3.us-west-2.amazonaws.com///Histology/eosin%20aqueous%20HE%202.jpg
2025-09-18 13:19:16 Requesting URL: https://gbiosciences.s3.us-west-2.amazonaws.com/G-dots.1.jpg
2025-09-18 13:19:16 Requesting URL: https://gbiosciences.s3.us-west-2.amazonaws.com/G-Sep.png
2025-09-18 13:19:16 Requesting URL: https://gbiosciences.s3.us-west-2.amazonaws.com/G-Sep.png
2025-09-18 13:19:16 Requesting URL: https://gbiosciences.s3.us-west-2.amazonaws.com/Ellyn_Daugherty.jpg
2025-09-18 13:19:17 Requesting URL: https://gbiosciences.s3.us-west-2.amazonaws.com/DNFB.png
2025-09-18 13:19:17 Requesting URL: https://gbiosciences.s3.us-west-2.amazonaws.com/DNFB.png
2025-09-18 13:19:17 Requesting URL: https://gbiosciences.s3.us-west-2.amazonaws.com/MethylaDgalactop.png
2025-09-18 13:19:18 Requesting URL: https://gbiosciences.s3.us-west-2.amazonaws.com/MethylaDgalactop.png
2025-09-18 13:19:18 Requesting URL: https://gbiosciences.s3.us-west-2.amazonaws.com/1-O-Methyl-a-D-annop.png
2025-09-18 13:19:18 Requesting URL: https://gbiosciences.s3.us-west-2.amazonaws.com/1-O-Methyl-a-D-annop.png
2025-09-18 13:19:26 Requesting URL: https://gbiosciences.s3.us-west-2.amazonaws.com///Histology/eosin%20aqueous%20HE%202.jpg
2025-09-18 13:19:27 Requesting URL: https://gbiosciences.s3.us-west-2.amazonaws.com///Histology/eosin%20aqueous%20HE%202.jpg
2025-09-18 13:19:28 Requesting URL: https://gbiosciences.s3.us-west-2.amazonaws.com/G-dots.1.jpg
2025-09-18 13:19:28 Requesting URL: https://gbiosciences.s3.us-west-2.amazonaws.com/G-Sep.png
2025-09-18 13:19:28 Requesting URL: https://gbiosciences.s3.us-west-2.amazonaws.com/G-Sep.png
2025-09-18 13:19:29 Requesting URL: https://gbiosciences.s3.us-west-2.amazonaws.com/Ellyn_Daugherty.jpg
2025-09-18 13:19:29 Requesting URL: https://gbiosciences.s3.us-west-2.amazonaws.com/DNFB.png
2025-09-18 13:19:29 Requesting URL: https://gbiosciences.s3.us-west-2.amazonaws.com/DNFB.png
2025-09-18 13:19:29 Requesting URL: https://gbiosciences.s3.us-west-2.amazonaws.com/MethylaDgalactop.png
2025-09-18 13:19:30 Requesting URL: https://gbiosciences.s3.us-west-2.amazonaws.com/MethylaDgalactop.png
2025-09-18 13:19:30 Requesting URL: https://gbiosciences.s3.us-west-2.amazonaws.com/1-O-Methyl-a-D-annop.png
2025-09-18 13:19:30 Requesting URL: https://gbiosciences.s3.us-west-2.amazonaws.com/1-O-Methyl-a-D-annop.png
2025-09-18 13:19:37 Requesting URL: https://gbiosciences.s3.us-west-2.amazonaws.com///Histology/eosin%20aqueous%20HE%202.jpg
2025-09-18 13:19:39 Requesting URL: https://gbiosciences.s3.us-west-2.amazonaws.com///Histology/eosin%20aqueous%20HE%202.jpg
2025-09-18 13:19:39 Requesting URL: https://gbiosciences.s3.us-west-2.amazonaws.com/G-dots.1.jpg
2025-09-18 13:19:39 Requesting URL: https://gbiosciences.s3.us-west-2.amazonaws.com/G-Sep.png
2025-09-18 13:19:39 Requesting URL: https://gbiosciences.s3.us-west-2.amazonaws.com/G-Sep.png
2025-09-18 13:19:40 Requesting URL: https://gbiosciences.s3.us-west-2.amazonaws.com/Ellyn_Daugherty.jpg
2025-09-18 13:19:40 Requesting URL: https://gbiosciences.s3.us-west-2.amazonaws.com/DNFB.png
2025-09-18 13:19:40 Requesting URL: https://gbiosciences.s3.us-west-2.amazonaws.com/DNFB.png
2025-09-18 13:19:41 Requesting URL: https://gbiosciences.s3.us-west-2.amazonaws.com/MethylaDgalactop.png
2025-09-18 13:19:41 Requesting URL: https://gbiosciences.s3.us-west-2.amazonaws.com/MethylaDgalactop.png
2025-09-18 13:19:41 Requesting URL: https://gbiosciences.s3.us-west-2.amazonaws.com/1-O-Methyl-a-D-annop.png
2025-09-18 13:19:41 Requesting URL: https://gbiosciences.s3.us-west-2.amazonaws.com/1-O-Methyl-a-D-annop.png
2025-09-18 13:20:32 Requesting URL: https://gbiosciences.s3.us-west-2.amazonaws.com/G-Sep.png
2025-09-18 13:20:33 Requesting URL: https://gbiosciences.s3.us-west-2.amazonaws.com/G-Sep.png
2025-09-18 13:20:37 Requesting URL: https://gbiosciences.s3.us-west-2.amazonaws.com///Histology/eosin%20aqueous%20HE%202.jpg
2025-09-18 13:20:38 Requesting URL: https://gbiosciences.s3.us-west-2.amazonaws.com///Histology/eosin%20aqueous%20HE%202.jpg
2025-09-18 13:20:39 Requesting URL: https://gbiosciences.s3.us-west-2.amazonaws.com/G-dots.1.jpg
2025-09-18 13:20:39 Requesting URL: https://gbiosciences.s3.us-west-2.amazonaws.com/G-Sep.png
2025-09-18 13:20:39 Requesting URL: https://gbiosciences.s3.us-west-2.amazonaws.com/G-Sep.png
2025-09-18 13:20:40 Requesting URL: https://gbiosciences.s3.us-west-2.amazonaws.com/Ellyn_Daugherty.jpg
2025-09-18 13:20:40 Requesting URL: https://gbiosciences.s3.us-west-2.amazonaws.com/DNFB.png
2025-09-18 13:20:40 Requesting URL: https://gbiosciences.s3.us-west-2.amazonaws.com/DNFB.png
2025-09-18 13:20:41 Requesting URL: https://gbiosciences.s3.us-west-2.amazonaws.com/MethylaDgalactop.png
2025-09-18 13:20:41 Requesting URL: https://gbiosciences.s3.us-west-2.amazonaws.com/MethylaDgalactop.png
2025-09-18 13:20:41 Requesting URL: https://gbiosciences.s3.us-west-2.amazonaws.com/1-O-Methyl-a-D-annop.png
2025-09-18 13:20:41 Requesting URL: https://gbiosciences.s3.us-west-2.amazonaws.com/1-O-Methyl-a-D-annop.png
